>>>verdiVcstResizeTopWin
<<< Success : 
>>>verdiDockWidgetSetCurTab -dock windowDock_vcstConsole_2
<<< Success : 1
>>>::vcst::creatInstAction
<<< Success : 
>>>::vcst::createAnalyzerAction
<<< Success : 
>>>::vcst::creatResetLayoutAction
<<< Success : 
>>>::vcst::creatAssertAnalyzerAction
<<< Success : 
>>>set ::vcst::EnableUDWin 0
<<< Success : 0
>>>qwConfig -type nWave -cmds [list {qwAddToolBarGroup -group "UDWinGroup"} {qwAddToolBarGroup -group "AssertAnalyzer"}]
<<< Success : 
>>>srcSetOptions -lockActView on
<<< Success : 1
>>>::vcst::createAddTraceToWaveAction
<<< Success : 
>>>source /home/ghonim/Synopsys/installed/vc_static/U-2023.03-SP2-1/auxx/monet/tcl/menu.tcl

<<< Success : 1
>>>verdiWindowPrependTitle -win $_nTrace1 -preTitle {}
<<< Success : 0
>>>set ::vcst::_compositeTrace {1}
<<< Success : 1
>>>verdiVcstSyncMsgColor -errorColor "default_red" -warningColor "default_none" -infoColor "default_none"
>>>@@@Event: vcstMsgColorChange(warningColor magenta true)
>>>@@@Event: vcstMsgColorChange(infoColor black true)
<<< Success : 
>>>verdiSetRCValue -section appSetting -key font -value {Bitstream Vera Sans(11)};
<<< Success : 
>>>verdiSetPrefEnv -monoFontSize "11"
<<< Success : 1
>>>setStyleFvProgress -css {font-family:Bitstream Vera Sans monospace;font-size:11px}
<<< Success : 0
>>>setStyleFvGoalProgress -css {font-family:Bitstream Vera Sans monospace;font-size:11px}
<<< Success : 1
>>>verdiSetFont -font "Bitstream Vera Sans" -size "11"
<<< Success : 1
>>>verdiVcstOnPropSelectionChanged -strNum 0 -propList {}
<<< Success : 
>>>verdiDockWidgetSetCurTab -dock widgetDock_VCF:GoalList
<<< Success : 1
>>>verdiAboutDlg -banner {
VC Static

Version U-2023.03-SP2-1 for linux64 - Oct 13, 2023

Copyright (c) 2010 - 2023 Synopsys, Inc.
}
<<< Success : 1
>>>verdiSetStatusMsg -win Verdi_1 -color red { Design import... cross probing not ready }
<<< Success : 1
>>>set ::vcst::_top "APB_FSM_Controller"
set ::vcst::_elab ""
set ::vcst::_elabOpts {}
set ::vcst::_rtdbDir {/home/ghonim/Fall_2023/ECE560/project/560_FinalProject/run/vcst_rtdb}
set ::vcst::_hiddenDir {.internal}
set ::vcst::_masterMode true
set ::vcst::_workLib "work"
set ::vcst::_upfOpts " -upf "
set ::vcst::_enableKdb "true"
set ::vcst::_simBinPath "simv"
set ::vcst::_goldenUpfConfig {}
set ::vcst::_nldmNschema {false}
set ::vcst::_kdbAlias {true}
set ::vcst::_covDut {}
set ::vcst::_splitbus {false}
set ::vcst::_enableVerdiLog {1}
set ::vcst::_fml_max_proof_depth {-1}
set ::vcst::_smartLoad {true}
set ::vcst::_compositeTrace {1}
set ::vcst::_strategyFilePath {}
set ::vcst::_enableVnrWriteKdb {false}
set ::vcst::_bIsFormalFlow {true}
set ::vcst::_bGlobalFsdbPresent {false}
set ::vcst::_sRunModes {}
set ::vcst::_enableVnrWriteKdbResolve {true}
set ::vcst::_diucFlow {false}
set ::vcst::_libArgs ""
set ::vcst::_seqXmlFile ""
schSetVCSTDelimiter -VHDLGenDelim "."
schUnifiedNetList -skipKdb
schSetPreference -turboLibs {} -turboLibPaths {}
verdiSetPrefEnv -bSpecifyWindowTitleForDockContainer off
paSetPreference -brightenPowerColor on
schSetPreference -showPassThroughNet on
paSetPreference -AnnotateSignal off
paSetPreference -highlightPowerObject off
srcAssertSetOpt -addSigToWave 0 -addSigWithExpGrp 1 -maskWave 0 -ShowCycleInfo 1
srcBlockFilelocateDlg on
verdiRunVcst -on
schSetVCSTDelimiter -hierDelim .
set ::vcst::_vcstAppHierDelim "."
srcSetXpropOption "tmerge"
set ::vcst::_powerDbDir ""
set ::vcst::_bRestore ""
verdiDockWidgetFix -dock widgetDock_VCF:GoalList
::vcst::loadMainWin "0"
verdiDockWidgetUnfix -dock widgetDock_VCF:GoalList

srcBlockFilelocateDlg off

setStyleFvProgress -css {font-family:Bitstream Vera Sans monospace;font-size:11px}
setStyleFvGoalProgress -css {font-family:Bitstream Vera Sans monospace;font-size:11px}
verdiSetFont -font "Bitstream Vera Sans" -size "11"
verdiSetPrefEnv -monoFontSize "11"
verdiVcstEnableAppMode -enable FRV

verdiRunVcstCmd "___fvWaitAnnotation
" -no_wait
verdiRunVcstCmd "___fvSetReuseWave
" -no_wait
>>>@@@Event: srcImportDesign(APB_FSM_Controller)
>>>verdiSetStatusMsg -win Verdi_1 -color black { Design import ready }
<<< Success : 1
>>>@@@Event: srcHBTreeSelect({ 1 {APB_FSM_Controller}})
>>>@@@Event: srcHBTreeSelect({ 1 {APB_FSM_Controller}})
>>>@@@Event: srcGetSnipSignal(srcGetSnipSignal)
>>>@@@Event: srcGetBlackbox(srcGetBlackbox)
>>>@@@Event: verdiRunVcstCmd(___fvWaitAnnotation
 -no_wait)
>>>verdiGetVcstCmdResult -xmlstr {<Command name="___fvWaitAnnotation
" received="1"></Command>}

<<< Success : 1
>>>@@@Event: verdiRunVcstCmd(___fvSetReuseWave
 -no_wait)
>>>verdiGetVcstCmdResult -xmlstr {<Command name="___fvSetReuseWave
" received="1"></Command>}

<<< Success : 1
<<< Success : 1
>>>srcSetPreference -tabNum 16
<<< Success : 1
>>>verdiSetPrefEnv -bDockNewWindowInContainerWhenFindSameType "off"
<<< Success : 1
>>>set ::vcst::_bRestore ""
<<< Success : 
>>>verdiLayoutFreeze -off
<<< Success : 1
>>>verdiToolBar -rm toolbarHB_TOGGLE_PANEL toolbarHB_EMULATION_PANEL toolbarHB_PRODTYPE_PANEL UVM_AWARE_DEBUG AMS_CONFIG_TOOLBAR NOVAS_TBBR_INTERACTIVEVIEW_PANEL NOVAS_TBBR_DEBUG_REWIND_COMMAND NOVAS_TBBR_DEBUG_REWIND_UNDO_REDO_COMMAND NOVAS_TBBR_DEBUG_REVERSE_COMMAND NOVAS_TBBR_DEBUG_VSIM_COMMAND NOVAS_EMULATION_DEBUG_COMMAND CVG_CER_PANEL
<<< Success : 1
>>>verdiRunVcstCmd "action aaVerdiRestoreClipboard -trigger
" -no_wait
>>>@@@Event: verdiRunVcstCmd(action aaVerdiRestoreClipboard -trigger
 -no_wait)
>>>verdiGetVcstCmdResult -xmlstr {<Command name="action" received="1"></Command>}

<<< Success : 1
>>>verdiGetVcstCmdResult -xmlstr {<Command name="action" status="1"></Command>}

<<< Success : 1
<<< Success : 1
>>>verdiDockWidgetSetCurTab -dock widgetDock_VCF:TaskList
<<< Success : 1
>>>verdiVcstSetAppmode -mode FPV -fromVcst
<<< Success : 
>>>verdiVcstChangeGoalListTabName -tabName VCF:GoalList
<<< Success : 
>>>verdiVcstChangeGoalListTabName -tabName VCF:GoalList(FPV)
<<< Success : 
>>>verdiSetRCValue -section appSetting -key glbfilter -value {111}
<<< Success : 
>>>vcstRunCovCmd -async {gui_vcst_set_parameters -status_msg { _EnableMedHighEffort_0}}
<<< Success : 0
>>>verdiVcstChangeGoalListTabName -tabName VCF:GoalList
<<< Success : 
>>>verdiVcstChangeGoalListTabName -tabName VCF:GoalList(FPV)
<<< Success : 
>>>verdiSetRCValue -section appSetting -key glbfilter -value {111}
<<< Success : 
>>>verdiVcstDesignLoaded
<<< Success : 
>>>verdiGetVcstCmdResult -xmlstr {<Command name="sim_run" status="1" />}
<<< Success : 1
>>>verdiGetVcstCmdResult -xmlstr {<Command name="sim_save_reset" status="1" />}
<<< Success : 1
>>>report_fv_complexity -silent -sim_save_reset
<<< Success : 1
>>>verdiLayoutFreeze -off
<<< Success : 1
>>>::vcst::showDebugViews -1 false false setupSource
<<< Success : 1
>>>verdiWindowMoveDockTab -win Verdi_1 widgetDock_VCF:Shell widgetDock_VCF:GoalList widgetDock_<Message>
verdiDockWidgetSetCurTab -dock widgetDock_VCF:GoalList

<<< Success : 1
>>>viaLogViewerLoadVcstConsoleLogRc; set vcstMasterSourceDone 1
<<< Success : 1
>>>set ::vcst::_fml_max_proof_depth {-1};set ::vcst::_fml_max_time {12H};catch {verdiVcstOnFmlVarChanged -key {fml_effort} -value {default}}
<<< Success : 0
>>>vcstRunCovCmd -async {gui_vcst_set_parameters -status_msg { _EnableMedHighEffort_0}}
<<< Success : 0
>>>verdiVcstChangeGoalListTabName -tabName VCF:GoalList
<<< Success : 
>>>verdiVcstChangeGoalListTabName -tabName VCF:GoalList(FPV)
<<< Success : 
>>>verdiSetRCValue -section appSetting -key glbfilter -value {111}
<<< Success : 
>>>vcstRunCovCmd -async {gui_vcst_set_parameters -status_msg { _EnableMedHighEffort_0}}
<<< Success : 0
>>>verdiVcstChangeGoalListTabName -tabName VCF:GoalList
<<< Success : 
>>>verdiVcstChangeGoalListTabName -tabName VCF:GoalList(FPV)
<<< Success : 
>>>verdiSetRCValue -section appSetting -key glbfilter -value {111}
<<< Success : 
>>>srcSetBlackbox   -delim {.}
<<< Success : 0
>>>vcstRunCovCmd -async {gui_vcst_set_parameters -status_msg { _EnableMedHighEffort_0}}
<<< Success : 0
>>>srcSetGlassbox  -delim {.}
<<< Success : 0
>>>verdiGetRCValue -section appSetting -key reuseWave 
<<< Success : 
>>>schSetPreference -displayAbstractSrc off 
<<< Success : 1
>>>vcstRunCovCmd -async {gui_vcst_set_parameters -status_msg { _EnableMedHighEffort_0}}
<<< Success : 0
>>>verdiVcstChangeGoalListTabName -tabName VCF:GoalList
<<< Success : 
>>>verdiVcstChangeGoalListTabName -tabName VCF:GoalList(FPV)
<<< Success : 
>>>verdiSetRCValue -section appSetting -key glbfilter -value {111}
<<< Success : 
>>>verdiVcstConstantReport -xmlFile /home/ghonim/Fall_2023/ECE560/project/560_FinalProject/run/vcst_rtdb/.internal/verdi/constant.xml 
<<< Success : 1
>>>vcstRunCovCmd -async {gui_vcst_set_parameters -status_msg { _EnableMedHighEffort_0}}
<<< Success : 0
>>>verdiSetRCValue -section appSetting -key conSize -value {PROPERTY_CLASS,100:PROPERTY_CLOCK,100:PROPERTY_EXPRESSION,100:PROPERTY_ID,100:PROPERTY_INSTANCE,100:PROPERTY_LANGUAGE,100:PROPERTY_LOCATION,100:PROPERTY_NAME,100:PROPERTY_SCOPE,100:PROPERTY_SIGNALS,100:PROPERTY_SVA_TYPE,100:PROPERTY_TYPE,100:PROPERTY_USAGE,100:PROPERTY_VACUITY,100:PROPERTY_WITNESS,100:};
<<< Success : 
>>>@@@Event: swnTraceWindowType(-win "nTrace")
>>>verdiVcstCheckFv -taskName FPV
>>>@@@Event: vcstReportFvProgress(gridUsage.xml gridUsage null)
<<< Success : 1
>>>vcstRunCovCmd -async gui_vcst_set_parameters -is_running true
<<< Success : 0
>>>vcstRunCovCmd -async {gui_vcst_set_parameters -status_msg { _EnableMedHighEffort_0}}
<<< Success : 0
>>>verdiVcstChangeGoalListTabName -tabName VCF:GoalList
<<< Success : 
>>>verdiVcstChangeGoalListTabName -tabName VCF:GoalList(FPV)
<<< Success : 
>>>verdiSetRCValue -section appSetting -key glbfilter -value {111}
<<< Success : 
>>>vcstRunCovCmd -async {gui_vcst_set_parameters -status_msg { _EnableMedHighEffort_0}}
<<< Success : 0
>>>verdiGetVcstCmdResult -xmlstr {<Command name="check_fv" status="1" />}
<<< Success : 1
>>>receiveFvProgress /home/ghonim/Fall_2023/ECE560/project/560_FinalProject/run/vcst_rtdb/.internal/verdi/gridUsage.xml1
<<< Success : 1
>>>@@@Event: swnTraceWindowType(-win "nTrace")
>>>@@@Event: swnTraceWindowType(-win "nTrace")
>>>@@@Event: swnTraceWindowType(-win "nTrace")
>>>@@@Event: swnTraceWindowType(-win "nTrace")
>>>@@@Event: swnTraceWindowType(-win "nTrace")
>>>@@@Event: swnTraceWindowType(-win "nTrace")
>>>@@@Event: swnTraceWindowType(-win "nTrace")
>>>@@@Event: swnTraceWindowType(-win "nTrace")
>>>@@@Event: swnTraceWindowType(-win "nTrace")
>>>@@@Event: swnTraceWindowType(-win "nTrace")
>>>vcstRunCovCmd -async {gui_vcst_set_parameters -status_msg { _EnableMedHighEffort_0}}
<<< Success : 0
>>>@@@Event: swnTraceWindowType(-win "nTrace")
>>>@@@Event: swnTraceWindowType(-win "nTrace")
>>>@@@Event: swnTraceWindowType(-win "nTrace")
>>>vcstRunCovCmd -async {gui_vcst_set_parameters -status_msg { _EnableMedHighEffort_0}}
<<< Success : 0
>>>@@@Event: swnTraceWindowType(-win "nTrace")
>>>@@@Event: swnTraceWindowType(-win "nTrace")
>>>@@@Event: swnTraceWindowType(-win "nTrace")
>>>@@@Event: swnTraceWindowType(-win "nTrace")
>>>@@@Event: swnTraceWindowType(-win "nTrace")
>>>@@@Event: swnTraceWindowType(-win "nTrace")
>>>@@@Event: swnTraceWindowType(-win "nTrace")
>>>@@@Event: swnTraceWindowType(-win "nTrace")
>>>@@@Event: swnTraceWindowType(-win "nTrace")
>>>@@@Event: swnTraceWindowType(-win "nTrace")
>>>@@@Event: swnTraceWindowType(-win "nTrace")
>>>@@@Event: swnTraceWindowType(-win "nTrace")
>>>verdiVcstCheckFv -taskName FPV
<<< Success : 
>>>vcstRunCovCmd -async gui_vcst_set_parameters -is_running false
<<< Success : 0
>>>vcstRunCovCmd -async {gui_vcst_set_parameters -status_msg { _EnableMedHighEffort_1}}
<<< Success : 0
>>>vcstRunCovCmd -async {gui_vcst_set_parameters -status_msg { _EnableMedHighEffort_1}}
<<< Success : 0
>>>verdiVcstGetTooltipByPropertyName -propName APB_FSM_Controller.APB_FSM_Controller_chk.assert_state_transition
>>>@@@Event: verdiRunVcstCmd(___fvGetTooltip {assert_state_transition: assert property (p_state_transition) } -no_wait)
>>>verdiGetVcstCmdResult -xmlstr {<Command name="___fvGetTooltip" received="1"></Command>}

<<< Success : 1
<<< Success : 1
>>>verdiVcstGetTooltipByPropertyName -propName APB_FSM_Controller.APB_FSM_Controller_chk.assert_state_transition
>>>@@@Event: verdiRunVcstCmd(___fvGetTooltip {assert_state_transition: assert property (p_state_transition) } -no_wait)
>>>verdiGetVcstCmdResult -xmlstr {<Command name="___fvGetTooltip" received="1"></Command>}

<<< Success : 1
<<< Success : 1
>>>verdiVcstGetTooltipByPropertyName -propName APB_FSM_Controller.APB_FSM_Controller_chk.assert_state_transition
>>>@@@Event: verdiRunVcstCmd(___fvGetTooltip {assert_state_transition: assert property (p_state_transition) } -no_wait)
>>>verdiGetVcstCmdResult -xmlstr {<Command name="___fvGetTooltip" received="1"></Command>}

<<< Success : 1
<<< Success : 1
>>>verdiVcstGetTooltipByPropertyName -propName APB_FSM_Controller.APB_FSM_Controller_chk.assert_state_transition
>>>@@@Event: verdiRunVcstCmd(___fvGetTooltip {assert_state_transition: assert property (p_state_transition) } -no_wait)
>>>verdiGetVcstCmdResult -xmlstr {<Command name="___fvGetTooltip" received="1"></Command>}

<<< Success : 1
<<< Success : 1
>>>verdiVcstGetTooltipByPropertyName -propName APB_FSM_Controller.APB_FSM_Controller_chk.assert_WWAIT_to_WRITE
>>>@@@Event: verdiRunVcstCmd(___fvGetTooltip {assert_WWAIT_to_WRITE: assert property (p_WWAIT_to_WRITE) } -no_wait)
>>>verdiGetVcstCmdResult -xmlstr {<Command name="___fvGetTooltip" received="1"></Command>}

<<< Success : 1
<<< Success : 1
>>>@@@Event: swnTraceWindowType(-win "nTrace")
>>>verdiSetRCValue -section appSetting -key fvSize -value {PROPERTY_ELAPSED_TIME,100:PROPERTY_ENGINE,65:PROPERTY_NAME,608:PROPERTY_STATUS,75:PROPERTY_TRACE_DEPTH,65:PROPERTY_TYPE,65:PROPERTY_VACUITY,75:PROPERTY_WITNESS,75:};
<<< Success : 
>>>verdiSetRCValue -section appSetting -key fvSize -value {PROPERTY_ELAPSED_TIME,100:PROPERTY_ENGINE,65:PROPERTY_NAME,534:PROPERTY_STATUS,75:PROPERTY_TRACE_DEPTH,65:PROPERTY_TYPE,65:PROPERTY_VACUITY,75:PROPERTY_WITNESS,75:};
<<< Success : 
